2025-05-12 20:12:20.172 | INFO     | __main__:main:69 - Starting data preparation...
2025-05-12 20:12:20.172 | INFO     | __main__:read_raw_data:43 - READING: C:\Repos\smart-store-justindavidson\data\raw\customers_data.csv.
2025-05-12 20:12:20.183 | INFO     | __main__:process_data:58 - Processing data for customers_data.csv.
2025-05-12 20:12:20.183 | INFO     | __main__:process_data:59 - Data shape (ct of rows, ct of columns): (201, 4).
2025-05-12 20:12:20.184 | INFO     | __main__:process_data:60 - Data columns: ['CustomerID', 'Name', 'Region', 'JoinDate'].
2025-05-12 20:12:20.184 | INFO     | __main__:read_raw_data:43 - READING: C:\Repos\smart-store-justindavidson\data\raw\products_data.csv.
2025-05-12 20:12:20.193 | INFO     | __main__:process_data:58 - Processing data for products_data.csv.
2025-05-12 20:12:20.194 | INFO     | __main__:process_data:59 - Data shape (ct of rows, ct of columns): (100, 4).
2025-05-12 20:12:20.194 | INFO     | __main__:process_data:60 - Data columns: ['ProductID', 'ProductName', 'Category', 'UnitPrice'].
2025-05-12 20:12:20.194 | INFO     | __main__:read_raw_data:43 - READING: C:\Repos\smart-store-justindavidson\data\raw\sales_data.csv.
2025-05-12 20:12:20.206 | INFO     | __main__:process_data:58 - Processing data for sales_data.csv.
2025-05-12 20:12:20.206 | INFO     | __main__:process_data:59 - Data shape (ct of rows, ct of columns): (2001, 7).
2025-05-12 20:12:20.206 | INFO     | __main__:process_data:60 - Data columns: ['TransactionID', 'SaleDate', 'CustomerID', 'ProductID', 'StoreID', 'CampaignID', 'SaleAmount'].
2025-05-12 20:12:20.206 | INFO     | __main__:main:84 - Data preparation complete.
2025-05-13 15:11:52.517 | INFO     | __main__:main:69 - Starting data preparation...
2025-05-13 15:11:52.518 | INFO     | __main__:read_raw_data:43 - READING: C:\Repos\smart-store-justindavidson\data\raw\customers_data.csv.
2025-05-13 15:11:52.529 | INFO     | __main__:process_data:58 - Processing data for customers_data.csv.
2025-05-13 15:11:52.529 | INFO     | __main__:process_data:59 - Data shape (ct of rows, ct of columns): (201, 4).
2025-05-13 15:11:52.529 | INFO     | __main__:process_data:60 - Data columns: ['CustomerID', 'Name', 'Region', 'JoinDate'].
2025-05-13 15:11:52.530 | INFO     | __main__:read_raw_data:43 - READING: C:\Repos\smart-store-justindavidson\data\raw\products_data.csv.
2025-05-13 15:11:52.539 | INFO     | __main__:process_data:58 - Processing data for products_data.csv.
2025-05-13 15:11:52.539 | INFO     | __main__:process_data:59 - Data shape (ct of rows, ct of columns): (100, 4).
2025-05-13 15:11:52.540 | INFO     | __main__:process_data:60 - Data columns: ['ProductID', 'ProductName', 'Category', 'UnitPrice'].
2025-05-13 15:11:52.540 | INFO     | __main__:read_raw_data:43 - READING: C:\Repos\smart-store-justindavidson\data\raw\sales_data.csv.
2025-05-13 15:11:52.553 | INFO     | __main__:process_data:58 - Processing data for sales_data.csv.
2025-05-13 15:11:52.553 | INFO     | __main__:process_data:59 - Data shape (ct of rows, ct of columns): (2001, 7).
2025-05-13 15:11:52.554 | INFO     | __main__:process_data:60 - Data columns: ['TransactionID', 'SaleDate', 'CustomerID', 'ProductID', 'StoreID', 'CampaignID', 'SaleAmount'].
2025-05-13 15:11:52.554 | INFO     | __main__:main:84 - Data preparation complete.
2025-05-13 15:12:31.332 | INFO     | __main__:main:41 - STARTING logger.py
2025-05-13 15:12:31.333 | INFO     | __main__:log_example:34 - This is an example info message.
2025-05-13 15:12:31.333 | WARNING  | __main__:log_example:35 - This is an example warning message.
2025-05-13 15:12:31.333 | ERROR    | __main__:log_example:36 - This is an example error message.
2025-05-13 15:12:31.333 | INFO     | __main__:main:46 - View the log output at C:\Repos\smart-store-justindavidson\logs\project_log.log
2025-05-13 15:12:31.334 | INFO     | __main__:main:47 - EXITING logger.py.
2025-05-18 17:20:24.017 | INFO     | __main__:main:69 - Starting data preparation...
2025-05-18 17:20:24.018 | INFO     | __main__:read_raw_data:43 - READING: C:\Repos\smart-store-justindavidson\data\raw\customers_data.csv.
2025-05-18 17:20:24.032 | INFO     | __main__:process_data:58 - Processing data for customers_data.csv.
2025-05-18 17:20:24.033 | INFO     | __main__:process_data:59 - Data shape (ct of rows, ct of columns): (201, 4).
2025-05-18 17:20:24.033 | INFO     | __main__:process_data:60 - Data columns: ['CustomerID', 'Name', 'Region', 'JoinDate'].
2025-05-18 17:20:24.033 | INFO     | __main__:read_raw_data:43 - READING: C:\Repos\smart-store-justindavidson\data\raw\products_data.csv.
2025-05-18 17:20:24.041 | INFO     | __main__:process_data:58 - Processing data for products_data.csv.
2025-05-18 17:20:24.041 | INFO     | __main__:process_data:59 - Data shape (ct of rows, ct of columns): (100, 4).
2025-05-18 17:20:24.041 | INFO     | __main__:process_data:60 - Data columns: ['ProductID', 'ProductName', 'Category', 'UnitPrice'].
2025-05-18 17:20:24.042 | INFO     | __main__:read_raw_data:43 - READING: C:\Repos\smart-store-justindavidson\data\raw\sales_data.csv.
2025-05-18 17:20:24.056 | INFO     | __main__:process_data:58 - Processing data for sales_data.csv.
2025-05-18 17:20:24.057 | INFO     | __main__:process_data:59 - Data shape (ct of rows, ct of columns): (2001, 7).
2025-05-18 17:20:24.057 | INFO     | __main__:process_data:60 - Data columns: ['TransactionID', 'SaleDate', 'CustomerID', 'ProductID', 'StoreID', 'CampaignID', 'SaleAmount'].
2025-05-18 17:20:24.057 | INFO     | __main__:main:84 - Data preparation complete.
2025-05-18 21:19:47.277 | INFO     | __main__:main:163 - ==================================
2025-05-18 21:19:47.278 | INFO     | __main__:main:164 - STARTING prepare_customers_data.py
2025-05-18 21:19:47.278 | INFO     | __main__:main:165 - ==================================
2025-05-18 21:19:47.278 | INFO     | __main__:main:167 - Root         : C:\Repos\smart-store-justindavidson
2025-05-18 21:19:47.278 | INFO     | __main__:main:168 - data/raw     : C:\Repos\smart-store-justindavidson\data\raw
2025-05-18 21:19:47.279 | INFO     | __main__:main:169 - data/prepared: C:\Repos\smart-store-justindavidson\data\prepared
2025-05-18 21:19:47.279 | INFO     | __main__:main:170 - scripts      : C:\Repos\smart-store-justindavidson\scripts
2025-05-18 21:19:47.279 | INFO     | __main__:read_raw_data:50 - READING: C:\Repos\smart-store-justindavidson\data\raw\customers_data.csv.
2025-05-18 21:19:47.282 | INFO     | __main__:main:182 - Initial dataframe columns: CustomerID, Name, Region, JoinDate, LoyaltyPts, PreferredContactMethod
2025-05-18 21:19:47.283 | INFO     | __main__:main:183 - Initial dataframe shape: (201, 6)
2025-05-18 21:19:47.283 | INFO     | __main__:remove_duplicates:86 - FUNCTION START: remove_duplicates with dataframe shape=(201, 6)
2025-05-18 21:19:47.292 | INFO     | __main__:remove_duplicates:97 - Original dataframe shape: (201, 6)
2025-05-18 21:19:47.293 | INFO     | __main__:remove_duplicates:98 - Deduped  dataframe shape: (201, 6)
2025-05-18 21:19:47.293 | INFO     | __main__:handle_missing_values:114 - FUNCTION START: handle_missing_values with dataframe shape=(201, 6)
2025-05-18 21:19:47.294 | INFO     | __main__:handle_missing_values:118 - Total missing values before handling: 0
2025-05-18 21:19:47.294 | INFO     | __main__:handle_missing_values:127 - Total missing values after handling: 0
2025-05-18 21:19:47.294 | INFO     | __main__:handle_missing_values:128 - 201 records remaining after handling missing values.
2025-05-18 21:19:47.294 | INFO     | __main__:remove_outliers:142 - FUNCTION START: remove_outliers with dataframe shape=(201, 6)
2025-05-18 21:19:47.295 | INFO     | __main__:remove_outliers:150 - Removed 0 outlier rows
2025-05-18 21:19:47.295 | INFO     | __main__:remove_outliers:151 - 201 records remaining after removing outliers.
2025-05-18 21:19:47.295 | INFO     | __main__:save_prepared_data:68 - FUNCTION START: save_prepared_data with file_name=customers_prepared.csv, dataframe shape=(201, 6)
2025-05-18 21:19:47.298 | INFO     | __main__:save_prepared_data:71 - Data saved to C:\Repos\smart-store-justindavidson\data\prepared\customers_prepared.csv
2025-05-18 21:19:47.298 | INFO     | __main__:main:206 - ==================================
2025-05-18 21:19:47.298 | INFO     | __main__:main:207 - Original shape: (201, 6)
2025-05-18 21:19:47.298 | INFO     | __main__:main:208 - Cleaned shape:  (201, 6)
2025-05-18 21:19:47.299 | INFO     | __main__:main:209 - ==================================
2025-05-18 21:19:47.299 | INFO     | __main__:main:210 - FINISHED prepare_customers_data.py
2025-05-18 21:19:47.299 | INFO     | __main__:main:211 - ==================================
2025-05-18 21:22:40.909 | INFO     | __main__:main:233 - ==================================
2025-05-18 21:22:40.909 | INFO     | __main__:main:234 - STARTING prepare_products_data.py
2025-05-18 21:22:40.910 | INFO     | __main__:main:235 - ==================================
2025-05-18 21:22:40.910 | INFO     | __main__:main:237 - Root         : C:\Repos\smart-store-justindavidson
2025-05-18 21:22:40.910 | INFO     | __main__:main:238 - data/raw     : C:\Repos\smart-store-justindavidson\data\raw
2025-05-18 21:22:40.910 | INFO     | __main__:main:239 - data/prepared: C:\Repos\smart-store-justindavidson\data\prepared
2025-05-18 21:22:40.911 | INFO     | __main__:main:240 - scripts      : C:\Repos\smart-store-justindavidson\scripts
2025-05-18 21:22:40.911 | INFO     | __main__:read_raw_data:65 - FUNCTION START: read_raw_data with file_name=products_data.csv
2025-05-18 21:22:40.911 | INFO     | __main__:read_raw_data:67 - Reading data from C:\Repos\smart-store-justindavidson\data\raw\products_data.csv
2025-05-18 21:22:40.922 | INFO     | __main__:read_raw_data:69 - Loaded dataframe with 100 rows and 6 columns
2025-05-18 21:22:40.922 | INFO     | __main__:read_raw_data:65 - FUNCTION START: read_raw_data with file_name=products_data.csv
2025-05-18 21:22:40.922 | INFO     | __main__:read_raw_data:67 - Reading data from C:\Repos\smart-store-justindavidson\data\raw\products_data.csv
2025-05-18 21:22:40.924 | INFO     | __main__:read_raw_data:69 - Loaded dataframe with 100 rows and 6 columns
2025-05-18 21:22:40.924 | INFO     | __main__:main:255 - Initial dataframe columns: ProductID, ProductName, Category, UnitPrice, StockQuantity, PreferredCustomerDiscountApplicable
2025-05-18 21:22:40.925 | INFO     | __main__:main:256 - Initial dataframe shape: (100, 6)
2025-05-18 21:22:40.925 | INFO     | __main__:main:265 - Cleaned column names: ProductID -> productid, ProductName -> productname, Category -> category, UnitPrice -> unitprice, StockQuantity -> stockquantity, PreferredCustomerDiscountApplicable -> preferredcustomerdiscountapplicable
2025-05-18 21:22:40.926 | INFO     | __main__:remove_duplicates:102 - FUNCTION START: remove_duplicates with dataframe shape=(100, 6)
2025-05-18 21:22:40.928 | INFO     | __main__:remove_duplicates:112 - Removed 0 duplicate rows
2025-05-18 21:22:40.928 | INFO     | __main__:remove_duplicates:113 - 100 records remaining after removing duplicates.
2025-05-18 21:22:40.928 | INFO     | __main__:handle_missing_values:127 - FUNCTION START: handle_missing_values with dataframe shape=(100, 6)
2025-05-18 21:22:40.930 | INFO     | __main__:handle_missing_values:132 - Missing values by column before handling:
productid                              0
productname                            0
category                               0
unitprice                              0
stockquantity                          0
preferredcustomerdiscountapplicable    0
dtype: int64
2025-05-18 21:22:40.931 | INFO     | __main__:handle_missing_values:146 - Missing values by column after handling:
productid                              0
productname                            0
category                               0
unitprice                              0
stockquantity                          0
preferredcustomerdiscountapplicable    0
dtype: int64
2025-05-18 21:22:40.931 | INFO     | __main__:handle_missing_values:147 - 100 records remaining after handling missing values.
2025-05-18 21:22:40.931 | INFO     | __main__:remove_outliers:161 - FUNCTION START: remove_outliers with dataframe shape=(100, 6)
2025-05-18 21:22:40.932 | INFO     | __main__:remove_outliers:180 - Removed 0 outlier rows
2025-05-18 21:22:40.932 | INFO     | __main__:remove_outliers:181 - 100 records remaining after removing outliers.
2025-05-18 21:22:40.932 | INFO     | __main__:validate_data:217 - FUNCTION START: validate_data with dataframe shape=(100, 6)
2025-05-18 21:22:40.932 | INFO     | __main__:validate_data:226 - Data validation complete
2025-05-18 21:22:40.932 | INFO     | __main__:standardize_formats:194 - FUNCTION START: standardize_formats with dataframe shape=(100, 6)
2025-05-18 21:22:40.933 | INFO     | __main__:standardize_formats:204 - Completed standardizing formats
2025-05-18 21:22:40.933 | INFO     | __main__:save_prepared_data:87 - FUNCTION START: save_prepared_data with file_name=products_prepared.csv, dataframe shape=(100, 6)
2025-05-18 21:22:40.935 | INFO     | __main__:save_prepared_data:90 - Data saved to C:\Repos\smart-store-justindavidson\data\prepared\products_prepared.csv
2025-05-18 21:22:40.936 | INFO     | __main__:main:285 - ==================================
2025-05-18 21:22:40.936 | INFO     | __main__:main:286 - Original shape: (100, 6)
2025-05-18 21:22:40.936 | INFO     | __main__:main:287 - Cleaned shape:  (100, 6)
2025-05-18 21:22:40.936 | INFO     | __main__:main:288 - ==================================
2025-05-18 21:22:40.937 | INFO     | __main__:main:289 - FINISHED prepare_products_data.py
2025-05-18 21:22:40.937 | INFO     | __main__:main:290 - ==================================
2025-05-18 21:22:47.331 | INFO     | __main__:main:88 - ==================================
2025-05-18 21:22:47.331 | INFO     | __main__:main:89 - STARTING prepare_sales_data.py
2025-05-18 21:22:47.331 | INFO     | __main__:main:90 - ==================================
2025-05-18 21:22:47.331 | INFO     | __main__:main:92 - Root         : C:\Repos\smart-store-justindavidson
2025-05-18 21:22:47.332 | INFO     | __main__:main:93 - data/raw     : C:\Repos\smart-store-justindavidson\data\raw
2025-05-18 21:22:47.332 | INFO     | __main__:main:94 - data/prepared: C:\Repos\smart-store-justindavidson\data\prepared
2025-05-18 21:22:47.332 | INFO     | __main__:main:95 - scripts      : C:\Repos\smart-store-justindavidson\scripts
2025-05-18 21:22:47.332 | INFO     | __main__:read_raw_data:65 - FUNCTION START: read_raw_data with file_name=sales_data.csv
2025-05-18 21:22:47.333 | INFO     | __main__:read_raw_data:67 - Reading data from C:\Repos\smart-store-justindavidson\data\raw\sales_data.csv
2025-05-18 21:22:47.344 | INFO     | __main__:read_raw_data:69 - Loaded dataframe with 2001 rows and 9 columns
2025-05-18 21:22:47.345 | INFO     | __main__:main:107 - Initial dataframe columns: TransactionID, SaleDate, CustomerID, ProductID, StoreID, CampaignID, SaleAmount, AmtSoldFiscalYear, PaymentType
2025-05-18 21:22:47.345 | INFO     | __main__:main:108 - Initial dataframe shape: (2001, 9)
2025-05-18 21:22:47.345 | INFO     | __main__:main:128 - ==================================
2025-05-18 21:22:47.346 | INFO     | __main__:main:129 - Original shape: (2001, 9)
2025-05-18 21:22:47.346 | INFO     | __main__:main:130 - Cleaned shape:  (2001, 9)
2025-05-18 21:22:47.346 | INFO     | __main__:main:131 - ==================================
2025-05-18 21:22:47.346 | INFO     | __main__:main:132 - FINISHED prepare_sales_data.py
2025-05-18 21:22:47.346 | INFO     | __main__:main:133 - ==================================
2025-05-18 21:25:29.698 | INFO     | __main__:main:88 - ==================================
2025-05-18 21:25:29.699 | INFO     | __main__:main:89 - STARTING prepare_sales_data.py
2025-05-18 21:25:29.699 | INFO     | __main__:main:90 - ==================================
2025-05-18 21:25:29.699 | INFO     | __main__:main:92 - Root         : C:\Repos\smart-store-justindavidson
2025-05-18 21:25:29.699 | INFO     | __main__:main:93 - data/raw     : C:\Repos\smart-store-justindavidson\data\raw
2025-05-18 21:25:29.700 | INFO     | __main__:main:94 - data/prepared: C:\Repos\smart-store-justindavidson\data\prepared
2025-05-18 21:25:29.700 | INFO     | __main__:main:95 - scripts      : C:\Repos\smart-store-justindavidson\scripts
2025-05-18 21:25:29.700 | INFO     | __main__:read_raw_data:65 - FUNCTION START: read_raw_data with file_name=sales_data.csv
2025-05-18 21:25:29.700 | INFO     | __main__:read_raw_data:67 - Reading data from C:\Repos\smart-store-justindavidson\data\raw\sales_data.csv
2025-05-18 21:25:29.705 | INFO     | __main__:read_raw_data:69 - Loaded dataframe with 2001 rows and 9 columns
2025-05-18 21:25:29.706 | INFO     | __main__:main:107 - Initial dataframe columns: TransactionID, SaleDate, CustomerID, ProductID, StoreID, CampaignID, SaleAmount, AmtSoldFiscalYear, PaymentType
2025-05-18 21:25:29.706 | INFO     | __main__:main:108 - Initial dataframe shape: (2001, 9)
2025-05-18 21:25:29.706 | INFO     | __main__:main:128 - ==================================
2025-05-18 21:25:29.707 | INFO     | __main__:main:129 - Original shape: (2001, 9)
2025-05-18 21:25:29.707 | INFO     | __main__:main:130 - Cleaned shape:  (2001, 9)
2025-05-18 21:25:29.707 | INFO     | __main__:main:131 - ==================================
2025-05-18 21:25:29.708 | INFO     | __main__:main:132 - FINISHED prepare_sales_data.py
2025-05-18 21:25:29.708 | INFO     | __main__:main:133 - ==================================
2025-05-18 21:26:17.036 | INFO     | __main__:main:88 - ==================================
2025-05-18 21:26:17.036 | INFO     | __main__:main:89 - STARTING prepare_sales_data.py
2025-05-18 21:26:17.037 | INFO     | __main__:main:90 - ==================================
2025-05-18 21:26:17.037 | INFO     | __main__:main:92 - Root         : C:\Repos\smart-store-justindavidson
2025-05-18 21:26:17.037 | INFO     | __main__:main:93 - data/raw     : C:\Repos\smart-store-justindavidson\data\raw
2025-05-18 21:26:17.037 | INFO     | __main__:main:94 - data/prepared: C:\Repos\smart-store-justindavidson\data\prepared
2025-05-18 21:26:17.037 | INFO     | __main__:main:95 - scripts      : C:\Repos\smart-store-justindavidson\scripts
2025-05-18 21:26:17.038 | INFO     | __main__:read_raw_data:65 - FUNCTION START: read_raw_data with file_name=sales_data.csv
2025-05-18 21:26:17.038 | INFO     | __main__:read_raw_data:67 - Reading data from C:\Repos\smart-store-justindavidson\data\raw\sales_data.csv
2025-05-18 21:26:17.043 | INFO     | __main__:read_raw_data:69 - Loaded dataframe with 2001 rows and 9 columns
2025-05-18 21:26:17.043 | INFO     | __main__:main:107 - Initial dataframe columns: TransactionID, SaleDate, CustomerID, ProductID, StoreID, CampaignID, SaleAmount, AmtSoldFiscalYear, PaymentType
2025-05-18 21:26:17.043 | INFO     | __main__:main:108 - Initial dataframe shape: (2001, 9)
2025-05-18 21:26:17.044 | INFO     | __main__:main:128 - ==================================
2025-05-18 21:26:17.044 | INFO     | __main__:main:129 - Original shape: (2001, 9)
2025-05-18 21:26:17.044 | INFO     | __main__:main:130 - Cleaned shape:  (2001, 9)
2025-05-18 21:26:17.045 | INFO     | __main__:main:131 - ==================================
2025-05-18 21:26:17.045 | INFO     | __main__:main:132 - FINISHED prepare_sales_data.py
2025-05-18 21:26:17.045 | INFO     | __main__:main:133 - ==================================
2025-05-18 21:29:22.893 | INFO     | __main__:main:88 - ==================================
2025-05-18 21:29:22.893 | INFO     | __main__:main:89 - STARTING prepare_sales_data.py
2025-05-18 21:29:22.893 | INFO     | __main__:main:90 - ==================================
2025-05-18 21:29:22.893 | INFO     | __main__:main:92 - Root         : C:\Repos\smart-store-justindavidson
2025-05-18 21:29:22.894 | INFO     | __main__:main:93 - data/raw     : C:\Repos\smart-store-justindavidson\data\raw
2025-05-18 21:29:22.894 | INFO     | __main__:main:94 - data/prepared: C:\Repos\smart-store-justindavidson\data\prepared
2025-05-18 21:29:22.894 | INFO     | __main__:main:95 - scripts      : C:\Repos\smart-store-justindavidson\scripts
2025-05-18 21:29:22.894 | INFO     | __main__:read_raw_data:65 - FUNCTION START: read_raw_data with file_name=sales_data.csv
2025-05-18 21:29:22.895 | INFO     | __main__:read_raw_data:67 - Reading data from C:\Repos\smart-store-justindavidson\data\raw\sales_data.csv
2025-05-18 21:29:22.899 | INFO     | __main__:read_raw_data:69 - Loaded dataframe with 2001 rows and 9 columns
2025-05-18 21:29:22.900 | INFO     | __main__:main:107 - Initial dataframe columns: TransactionID, SaleDate, CustomerID, ProductID, StoreID, CampaignID, SaleAmount, AmtSoldFiscalYear, PaymentType
2025-05-18 21:29:22.900 | INFO     | __main__:main:108 - Initial dataframe shape: (2001, 9)
2025-05-18 21:32:15.616 | INFO     | __main__:main:102 - ==================================
2025-05-18 21:32:15.617 | INFO     | __main__:main:103 - STARTING prepare_sales_data.py
2025-05-18 21:32:15.617 | INFO     | __main__:main:104 - ==================================
2025-05-18 21:32:15.617 | INFO     | __main__:main:106 - Root         : C:\Repos\smart-store-justindavidson
2025-05-18 21:32:15.618 | INFO     | __main__:main:107 - data/raw     : C:\Repos\smart-store-justindavidson\data\raw
2025-05-18 21:32:15.618 | INFO     | __main__:main:108 - data/prepared: C:\Repos\smart-store-justindavidson\data\prepared
2025-05-18 21:32:15.618 | INFO     | __main__:main:109 - scripts      : C:\Repos\smart-store-justindavidson\scripts
2025-05-18 21:32:15.618 | INFO     | __main__:read_raw_data:65 - FUNCTION START: read_raw_data with file_name=sales_data.csv
2025-05-18 21:32:15.618 | INFO     | __main__:read_raw_data:67 - Reading data from C:\Repos\smart-store-justindavidson\data\raw\sales_data.csv
2025-05-18 21:32:15.624 | INFO     | __main__:read_raw_data:69 - Loaded dataframe with 2001 rows and 9 columns
2025-05-18 21:32:15.624 | INFO     | __main__:main:121 - Initial dataframe columns: TransactionID, SaleDate, CustomerID, ProductID, StoreID, CampaignID, SaleAmount, AmtSoldFiscalYear, PaymentType
2025-05-18 21:32:15.624 | INFO     | __main__:main:122 - Initial dataframe shape: (2001, 9)
2025-05-18 21:32:15.625 | INFO     | __main__:save_prepared_data:90 - Saving cleaned data to C:\Repos\smart-store-justindavidson\data\prepared\sales_prepared.csv
2025-05-18 21:32:15.632 | INFO     | __main__:main:145 - ==================================
2025-05-18 21:32:15.632 | INFO     | __main__:main:146 - Original shape: (2001, 9)
2025-05-18 21:32:15.633 | INFO     | __main__:main:147 - Cleaned shape:  (2001, 9)
2025-05-18 21:32:15.633 | INFO     | __main__:main:148 - ==================================
2025-05-18 21:32:15.633 | INFO     | __main__:main:149 - FINISHED prepare_sales_data.py
2025-05-18 21:32:15.633 | INFO     | __main__:main:150 - ==================================
